{"/home/node/code/utils/manipulado.js": {"path":"/home/node/code/utils/manipulado.js","statementMap":{"0":{"start":{"line":1,"column":28},"end":{"line":1,"column":73}},"1":{"start":{"line":2,"column":12},"end":{"line":2,"column":45}},"2":{"start":{"line":3,"column":21},"end":{"line":3,"column":46}},"3":{"start":{"line":4,"column":26},"end":{"line":4,"column":56}},"4":{"start":{"line":6,"column":22},"end":{"line":19,"column":1}},"5":{"start":{"line":7,"column":25},"end":{"line":7,"column":27}},"6":{"start":{"line":8,"column":4},"end":{"line":17,"column":7}},"7":{"start":{"line":9,"column":8},"end":{"line":16,"column":10}},"8":{"start":{"line":18,"column":4},"end":{"line":18,"column":26}},"9":{"start":{"line":21,"column":21},"end":{"line":34,"column":1}},"10":{"start":{"line":22,"column":29},"end":{"line":22,"column":31}},"11":{"start":{"line":23,"column":4},"end":{"line":32,"column":7}},"12":{"start":{"line":24,"column":8},"end":{"line":31,"column":10}},"13":{"start":{"line":33,"column":4},"end":{"line":33,"column":30}},"14":{"start":{"line":36,"column":33},"end":{"line":38,"column":1}},"15":{"start":{"line":37,"column":4},"end":{"line":37,"column":27}},"16":{"start":{"line":60,"column":8},"end":{"line":60,"column":25}},"17":{"start":{"line":61,"column":8},"end":{"line":61,"column":45}},"18":{"start":{"line":62,"column":8},"end":{"line":62,"column":24}},"19":{"start":{"line":63,"column":8},"end":{"line":63,"column":37}},"20":{"start":{"line":64,"column":8},"end":{"line":64,"column":45}},"21":{"start":{"line":65,"column":8},"end":{"line":65,"column":45}},"22":{"start":{"line":66,"column":8},"end":{"line":66,"column":53}},"23":{"start":{"line":67,"column":8},"end":{"line":67,"column":49}},"24":{"start":{"line":68,"column":8},"end":{"line":68,"column":61}},"25":{"start":{"line":69,"column":8},"end":{"line":69,"column":37}},"26":{"start":{"line":70,"column":8},"end":{"line":70,"column":39}},"27":{"start":{"line":71,"column":8},"end":{"line":71,"column":33}},"28":{"start":{"line":72,"column":8},"end":{"line":72,"column":35}},"29":{"start":{"line":73,"column":8},"end":{"line":73,"column":24}},"30":{"start":{"line":74,"column":8},"end":{"line":74,"column":33}},"31":{"start":{"line":75,"column":8},"end":{"line":75,"column":60}},"32":{"start":{"line":76,"column":8},"end":{"line":76,"column":67}},"33":{"start":{"line":77,"column":8},"end":{"line":77,"column":37}},"34":{"start":{"line":78,"column":8},"end":{"line":78,"column":31}},"35":{"start":{"line":79,"column":8},"end":{"line":79,"column":30}},"36":{"start":{"line":80,"column":8},"end":{"line":80,"column":17}},"37":{"start":{"line":81,"column":8},"end":{"line":81,"column":24}},"38":{"start":{"line":86,"column":20},"end":{"line":86,"column":33}},"39":{"start":{"line":87,"column":23},"end":{"line":87,"column":34}},"40":{"start":{"line":88,"column":23},"end":{"line":88,"column":62}},"41":{"start":{"line":89,"column":28},"end":{"line":89,"column":67}},"42":{"start":{"line":90,"column":32},"end":{"line":90,"column":71}},"43":{"start":{"line":91,"column":8},"end":{"line":97,"column":9}},"44":{"start":{"line":92,"column":12},"end":{"line":92,"column":58}},"45":{"start":{"line":94,"column":26},"end":{"line":94,"column":38}},"46":{"start":{"line":95,"column":12},"end":{"line":96,"column":65}},"47":{"start":{"line":98,"column":8},"end":{"line":100,"column":10}},"48":{"start":{"line":101,"column":8},"end":{"line":101,"column":38}},"49":{"start":{"line":105,"column":18},"end":{"line":105,"column":19}},"50":{"start":{"line":106,"column":8},"end":{"line":111,"column":9}},"51":{"start":{"line":106,"column":21},"end":{"line":106,"column":22}},"52":{"start":{"line":107,"column":12},"end":{"line":110,"column":54}},"53":{"start":{"line":112,"column":8},"end":{"line":112,"column":45}},"54":{"start":{"line":116,"column":20},"end":{"line":116,"column":21}},"55":{"start":{"line":118,"column":8},"end":{"line":122,"column":9}},"56":{"start":{"line":118,"column":21},"end":{"line":118,"column":22}},"57":{"start":{"line":119,"column":12},"end":{"line":121,"column":48}},"58":{"start":{"line":123,"column":8},"end":{"line":123,"column":47}},"59":{"start":{"line":127,"column":8},"end":{"line":127,"column":28}},"60":{"start":{"line":128,"column":25},"end":{"line":130,"column":9}},"61":{"start":{"line":131,"column":8},"end":{"line":131,"column":39}},"62":{"start":{"line":132,"column":8},"end":{"line":132,"column":26}},"63":{"start":{"line":136,"column":20},"end":{"line":138,"column":9}},"64":{"start":{"line":139,"column":8},"end":{"line":139,"column":25}},"65":{"start":{"line":140,"column":8},"end":{"line":140,"column":19}},"66":{"start":{"line":144,"column":8},"end":{"line":144,"column":74}},"67":{"start":{"line":145,"column":8},"end":{"line":145,"column":76}},"68":{"start":{"line":146,"column":8},"end":{"line":146,"column":67}},"69":{"start":{"line":147,"column":29},"end":{"line":152,"column":9}},"70":{"start":{"line":153,"column":8},"end":{"line":153,"column":30}},"71":{"start":{"line":157,"column":8},"end":{"line":157,"column":32}},"72":{"start":{"line":161,"column":8},"end":{"line":161,"column":37}},"73":{"start":{"line":165,"column":8},"end":{"line":165,"column":36}},"74":{"start":{"line":169,"column":8},"end":{"line":169,"column":32}},"75":{"start":{"line":173,"column":8},"end":{"line":173,"column":23}},"76":{"start":{"line":177,"column":8},"end":{"line":177,"column":31}},"77":{"start":{"line":181,"column":0},"end":{"line":181,"column":28}}},"fnMap":{"0":{"name":"(anonymous_0)","decl":{"start":{"line":6,"column":22},"end":{"line":6,"column":23}},"loc":{"start":{"line":6,"column":40},"end":{"line":19,"column":1}},"line":6},"1":{"name":"(anonymous_1)","decl":{"start":{"line":8,"column":25},"end":{"line":8,"column":26}},"loc":{"start":{"line":8,"column":38},"end":{"line":17,"column":5}},"line":8},"2":{"name":"(anonymous_2)","decl":{"start":{"line":21,"column":21},"end":{"line":21,"column":22}},"loc":{"start":{"line":21,"column":38},"end":{"line":34,"column":1}},"line":21},"3":{"name":"(anonymous_3)","decl":{"start":{"line":23,"column":24},"end":{"line":23,"column":25}},"loc":{"start":{"line":23,"column":36},"end":{"line":32,"column":5}},"line":23},"4":{"name":"(anonymous_4)","decl":{"start":{"line":36,"column":33},"end":{"line":36,"column":34}},"loc":{"start":{"line":36,"column":42},"end":{"line":38,"column":1}},"line":36},"5":{"name":"(anonymous_5)","decl":{"start":{"line":41,"column":4},"end":{"line":41,"column":5}},"loc":{"start":{"line":59,"column":6},"end":{"line":82,"column":5}},"line":59},"6":{"name":"(anonymous_6)","decl":{"start":{"line":84,"column":4},"end":{"line":84,"column":5}},"loc":{"start":{"line":84,"column":45},"end":{"line":102,"column":5}},"line":84},"7":{"name":"(anonymous_7)","decl":{"start":{"line":104,"column":4},"end":{"line":104,"column":5}},"loc":{"start":{"line":104,"column":38},"end":{"line":113,"column":5}},"line":104},"8":{"name":"(anonymous_8)","decl":{"start":{"line":115,"column":4},"end":{"line":115,"column":5}},"loc":{"start":{"line":115,"column":32},"end":{"line":124,"column":5}},"line":115},"9":{"name":"(anonymous_9)","decl":{"start":{"line":126,"column":4},"end":{"line":126,"column":5}},"loc":{"start":{"line":126,"column":26},"end":{"line":133,"column":5}},"line":126},"10":{"name":"(anonymous_10)","decl":{"start":{"line":135,"column":4},"end":{"line":135,"column":5}},"loc":{"start":{"line":135,"column":19},"end":{"line":141,"column":5}},"line":135},"11":{"name":"(anonymous_11)","decl":{"start":{"line":143,"column":4},"end":{"line":143,"column":5}},"loc":{"start":{"line":143,"column":30},"end":{"line":154,"column":5}},"line":143},"12":{"name":"(anonymous_12)","decl":{"start":{"line":156,"column":4},"end":{"line":156,"column":5}},"loc":{"start":{"line":156,"column":25},"end":{"line":158,"column":5}},"line":156},"13":{"name":"(anonymous_13)","decl":{"start":{"line":160,"column":4},"end":{"line":160,"column":5}},"loc":{"start":{"line":160,"column":32},"end":{"line":162,"column":5}},"line":160},"14":{"name":"(anonymous_14)","decl":{"start":{"line":164,"column":4},"end":{"line":164,"column":5}},"loc":{"start":{"line":164,"column":29},"end":{"line":166,"column":5}},"line":164},"15":{"name":"(anonymous_15)","decl":{"start":{"line":168,"column":4},"end":{"line":168,"column":5}},"loc":{"start":{"line":168,"column":25},"end":{"line":170,"column":5}},"line":168},"16":{"name":"(anonymous_16)","decl":{"start":{"line":172,"column":4},"end":{"line":172,"column":5}},"loc":{"start":{"line":172,"column":16},"end":{"line":174,"column":5}},"line":172},"17":{"name":"(anonymous_17)","decl":{"start":{"line":176,"column":4},"end":{"line":176,"column":5}},"loc":{"start":{"line":176,"column":20},"end":{"line":178,"column":5}},"line":176}},"branchMap":{"0":{"loc":{"start":{"line":91,"column":8},"end":{"line":97,"column":9}},"type":"if","locations":[{"start":{"line":91,"column":8},"end":{"line":97,"column":9}},{"start":{"line":91,"column":8},"end":{"line":97,"column":9}}],"line":91}},"s":{"0":1,"1":1,"2":1,"3":1,"4":1,"5":2,"6":2,"7":5,"8":2,"9":1,"10":2,"11":2,"12":3,"13":2,"14":1,"15":44,"16":2,"17":2,"18":2,"19":2,"20":2,"21":2,"22":2,"23":2,"24":2,"25":2,"26":2,"27":2,"28":2,"29":2,"30":2,"31":2,"32":2,"33":2,"34":2,"35":2,"36":2,"37":2,"38":10,"39":10,"40":10,"41":10,"42":10,"43":10,"44":10,"45":0,"46":0,"47":10,"48":10,"49":10,"50":10,"51":10,"52":25,"53":10,"54":10,"55":10,"56":10,"57":15,"58":10,"59":2,"60":2,"61":2,"62":2,"63":4,"64":4,"65":4,"66":8,"67":8,"68":8,"69":8,"70":8,"71":8,"72":8,"73":8,"74":2,"75":4,"76":0,"77":1},"f":{"0":2,"1":5,"2":2,"3":3,"4":44,"5":2,"6":10,"7":10,"8":10,"9":2,"10":4,"11":8,"12":8,"13":8,"14":8,"15":2,"16":4,"17":0},"b":{"0":[10,0]},"_coverageSchema":"1a1c01bbd47fc00a2c39e90264f33305004495a9","hash":"0ed3ae47e517ef0029648ecbfbbcb094cd69bd88"}
,"/home/node/code/utils/materiaPrima.js": {"path":"/home/node/code/utils/materiaPrima.js","statementMap":{"0":{"start":{"line":1,"column":12},"end":{"line":1,"column":45}},"1":{"start":{"line":5,"column":8},"end":{"line":5,"column":25}},"2":{"start":{"line":6,"column":8},"end":{"line":6,"column":27}},"3":{"start":{"line":7,"column":8},"end":{"line":7,"column":23}},"4":{"start":{"line":8,"column":8},"end":{"line":8,"column":27}},"5":{"start":{"line":9,"column":8},"end":{"line":9,"column":19}},"6":{"start":{"line":13,"column":8},"end":{"line":13,"column":72}},"7":{"start":{"line":17,"column":8},"end":{"line":17,"column":27}},"8":{"start":{"line":21,"column":8},"end":{"line":21,"column":26}},"9":{"start":{"line":25,"column":0},"end":{"line":25,"column":30}}},"fnMap":{"0":{"name":"(anonymous_0)","decl":{"start":{"line":4,"column":4},"end":{"line":4,"column":5}},"loc":{"start":{"line":4,"column":41},"end":{"line":10,"column":5}},"line":4},"1":{"name":"(anonymous_1)","decl":{"start":{"line":12,"column":4},"end":{"line":12,"column":5}},"loc":{"start":{"line":12,"column":29},"end":{"line":14,"column":5}},"line":12},"2":{"name":"(anonymous_2)","decl":{"start":{"line":16,"column":4},"end":{"line":16,"column":5}},"loc":{"start":{"line":16,"column":28},"end":{"line":18,"column":5}},"line":16},"3":{"name":"(anonymous_3)","decl":{"start":{"line":20,"column":4},"end":{"line":20,"column":5}},"loc":{"start":{"line":20,"column":23},"end":{"line":22,"column":5}},"line":20}},"branchMap":{},"s":{"0":1,"1":5,"2":5,"3":5,"4":5,"5":5,"6":0,"7":0,"8":0,"9":1},"f":{"0":5,"1":0,"2":0,"3":0},"b":{},"_coverageSchema":"1a1c01bbd47fc00a2c39e90264f33305004495a9","hash":"10d94fa5237c65a1ed6b10ff3898a12af6aa07de"}
,"/home/node/code/utils/materialEmbalagem.js": {"path":"/home/node/code/utils/materialEmbalagem.js","statementMap":{"0":{"start":{"line":3,"column":8},"end":{"line":3,"column":25}},"1":{"start":{"line":4,"column":8},"end":{"line":4,"column":37}},"2":{"start":{"line":5,"column":8},"end":{"line":5,"column":27}},"3":{"start":{"line":6,"column":8},"end":{"line":6,"column":23}},"4":{"start":{"line":7,"column":8},"end":{"line":7,"column":19}},"5":{"start":{"line":11,"column":8},"end":{"line":11,"column":72}},"6":{"start":{"line":15,"column":8},"end":{"line":15,"column":27}},"7":{"start":{"line":19,"column":8},"end":{"line":19,"column":26}},"8":{"start":{"line":23,"column":0},"end":{"line":23,"column":35}}},"fnMap":{"0":{"name":"(anonymous_0)","decl":{"start":{"line":2,"column":4},"end":{"line":2,"column":5}},"loc":{"start":{"line":2,"column":46},"end":{"line":8,"column":5}},"line":2},"1":{"name":"(anonymous_1)","decl":{"start":{"line":10,"column":4},"end":{"line":10,"column":5}},"loc":{"start":{"line":10,"column":29},"end":{"line":12,"column":5}},"line":10},"2":{"name":"(anonymous_2)","decl":{"start":{"line":14,"column":4},"end":{"line":14,"column":5}},"loc":{"start":{"line":14,"column":28},"end":{"line":16,"column":5}},"line":14},"3":{"name":"(anonymous_3)","decl":{"start":{"line":18,"column":4},"end":{"line":18,"column":5}},"loc":{"start":{"line":18,"column":23},"end":{"line":20,"column":5}},"line":18}},"branchMap":{},"s":{"0":3,"1":3,"2":3,"3":3,"4":3,"5":0,"6":0,"7":0,"8":1},"f":{"0":3,"1":0,"2":0,"3":0},"b":{},"_coverageSchema":"1a1c01bbd47fc00a2c39e90264f33305004495a9","hash":"f0a08cd47e8119c400d36e9184819b0338baaeb1"}
}
