TN:
SF:utils/manipulado.js
FN:6,(anonymous_0)
FN:8,(anonymous_1)
FN:21,(anonymous_2)
FN:23,(anonymous_3)
FN:36,(anonymous_4)
FN:41,(anonymous_5)
FN:84,(anonymous_6)
FN:104,(anonymous_7)
FN:115,(anonymous_8)
FN:126,(anonymous_9)
FN:135,(anonymous_10)
FN:143,(anonymous_11)
FN:156,(anonymous_12)
FN:160,(anonymous_13)
FN:164,(anonymous_14)
FN:168,(anonymous_15)
FN:172,(anonymous_16)
FN:176,(anonymous_17)
FNF:18
FNH:17
FNDA:2,(anonymous_0)
FNDA:5,(anonymous_1)
FNDA:2,(anonymous_2)
FNDA:3,(anonymous_3)
FNDA:44,(anonymous_4)
FNDA:2,(anonymous_5)
FNDA:10,(anonymous_6)
FNDA:10,(anonymous_7)
FNDA:10,(anonymous_8)
FNDA:2,(anonymous_9)
FNDA:4,(anonymous_10)
FNDA:8,(anonymous_11)
FNDA:8,(anonymous_12)
FNDA:8,(anonymous_13)
FNDA:8,(anonymous_14)
FNDA:2,(anonymous_15)
FNDA:4,(anonymous_16)
FNDA:0,(anonymous_17)
DA:1,1
DA:2,1
DA:3,1
DA:4,1
DA:6,1
DA:7,2
DA:8,2
DA:9,5
DA:18,2
DA:21,1
DA:22,2
DA:23,2
DA:24,3
DA:33,2
DA:36,1
DA:37,44
DA:60,2
DA:61,2
DA:62,2
DA:63,2
DA:64,2
DA:65,2
DA:66,2
DA:67,2
DA:68,2
DA:69,2
DA:70,2
DA:71,2
DA:72,2
DA:73,2
DA:74,2
DA:75,2
DA:76,2
DA:77,2
DA:78,2
DA:79,2
DA:80,2
DA:81,2
DA:86,10
DA:87,10
DA:88,10
DA:89,10
DA:90,10
DA:91,10
DA:92,10
DA:94,0
DA:95,0
DA:98,10
DA:101,10
DA:105,10
DA:106,10
DA:107,25
DA:112,10
DA:116,10
DA:118,10
DA:119,15
DA:123,10
DA:127,2
DA:128,2
DA:131,2
DA:132,2
DA:136,4
DA:139,4
DA:140,4
DA:144,8
DA:145,8
DA:146,8
DA:147,8
DA:153,8
DA:157,8
DA:161,8
DA:165,8
DA:169,2
DA:173,4
DA:177,0
DA:181,1
LF:76
LH:73
BRDA:91,0,0,10
BRDA:91,0,1,0
BRF:2
BRH:1
end_of_record
TN:
SF:utils/materiaPrima.js
FN:4,(anonymous_0)
FN:12,(anonymous_1)
FN:16,(anonymous_2)
FN:20,(anonymous_3)
FNF:4
FNH:1
FNDA:5,(anonymous_0)
FNDA:0,(anonymous_1)
FNDA:0,(anonymous_2)
FNDA:0,(anonymous_3)
DA:1,1
DA:5,5
DA:6,5
DA:7,5
DA:8,5
DA:9,5
DA:13,0
DA:17,0
DA:21,0
DA:25,1
LF:10
LH:7
BRF:0
BRH:0
end_of_record
TN:
SF:utils/materialEmbalagem.js
FN:2,(anonymous_0)
FN:10,(anonymous_1)
FN:14,(anonymous_2)
FN:18,(anonymous_3)
FNF:4
FNH:1
FNDA:3,(anonymous_0)
FNDA:0,(anonymous_1)
FNDA:0,(anonymous_2)
FNDA:0,(anonymous_3)
DA:3,3
DA:4,3
DA:5,3
DA:6,3
DA:7,3
DA:11,0
DA:15,0
DA:19,0
DA:23,1
LF:9
LH:6
BRF:0
BRH:0
end_of_record
